51936821130:ENCOLADO ans_572ef2bd-0f37-4097-8f53-5202f5ace043
EJECUTANDO:ans_572ef2bd-0f37-4097-8f53-5202f5ace043
51936821130:SUCCESS
51936821130:ENCOLADO ans_a5d2cda9-42a6-4084-bd08-c9608e3af5f0
EJECUTANDO:ans_a5d2cda9-42a6-4084-bd08-c9608e3af5f0
51936821130:SUCCESS
51936821130:ENCOLADO ans_0704fb41-4f7c-4397-950a-9e366a61365a
EJECUTANDO:ans_0704fb41-4f7c-4397-950a-9e366a61365a
51936821130:SUCCESS
51936821130:ENCOLADO ans_572ef2bd-0f37-4097-8f53-5202f5ace043
EJECUTANDO:ans_572ef2bd-0f37-4097-8f53-5202f5ace043
51936821130:SUCCESS
51936821130:ENCOLADO ans_a5d2cda9-42a6-4084-bd08-c9608e3af5f0
EJECUTANDO:ans_a5d2cda9-42a6-4084-bd08-c9608e3af5f0
51936821130:SUCCESS
51936821130:ENCOLADO ans_0704fb41-4f7c-4397-950a-9e366a61365a
EJECUTANDO:ans_0704fb41-4f7c-4397-950a-9e366a61365a
51936821130:SUCCESS
51936821130:ENCOLADO ans_4c333c74-15d0-48d5-98a9-5d6de6197e16
EJECUTANDO:ans_4c333c74-15d0-48d5-98a9-5d6de6197e16
51936821130:SUCCESS
51936821130:ENCOLADO ans_a714f8a0-9777-4f3b-b83f-6ed8687a4548
EJECUTANDO:ans_a714f8a0-9777-4f3b-b83f-6ed8687a4548
51936821130:SUCCESS
51936821130:ENCOLADO ans_92c7eb2d-6766-4b1c-9960-1a70350cb12a
EJECUTANDO:ans_92c7eb2d-6766-4b1c-9960-1a70350cb12a
51936821130:SUCCESS
51936821130:ENCOLADO ans_67f0f445-db2c-4f93-8e7f-eed3190badfa
EJECUTANDO:ans_67f0f445-db2c-4f93-8e7f-eed3190badfa
51936821130:SUCCESS
51936821130:ENCOLADO ans_d52ce27b-11e6-444f-94fb-1466a9e29158
EJECUTANDO:ans_d52ce27b-11e6-444f-94fb-1466a9e29158
51936821130:SUCCESS
51936821130:ENCOLADO ans_6f93f42e-dedd-47e7-b368-04e10549ab0f
EJECUTANDO:ans_6f93f42e-dedd-47e7-b368-04e10549ab0f
51936821130:SUCCESS
51936821130:ENCOLADO ans_aa6e223e-2a6c-49bb-9fdc-6aa0038d0767
EJECUTANDO:ans_aa6e223e-2a6c-49bb-9fdc-6aa0038d0767
51936821130:SUCCESS
51931909480:ENCOLADO ans_572ef2bd-0f37-4097-8f53-5202f5ace043
EJECUTANDO:ans_572ef2bd-0f37-4097-8f53-5202f5ace043
51931909480:SUCCESS
51931909480:ENCOLADO ans_a5d2cda9-42a6-4084-bd08-c9608e3af5f0
EJECUTANDO:ans_a5d2cda9-42a6-4084-bd08-c9608e3af5f0
51931909480:SUCCESS
51931909480:ENCOLADO ans_0704fb41-4f7c-4397-950a-9e366a61365a
EJECUTANDO:ans_0704fb41-4f7c-4397-950a-9e366a61365a
51931909480:SUCCESS
51931909480:ENCOLADO ans_572ef2bd-0f37-4097-8f53-5202f5ace043
EJECUTANDO:ans_572ef2bd-0f37-4097-8f53-5202f5ace043
51931909480:SUCCESS
51931909480:ENCOLADO ans_a5d2cda9-42a6-4084-bd08-c9608e3af5f0
EJECUTANDO:ans_a5d2cda9-42a6-4084-bd08-c9608e3af5f0
51931909480:SUCCESS
51931909480:ENCOLADO ans_0704fb41-4f7c-4397-950a-9e366a61365a
EJECUTANDO:ans_0704fb41-4f7c-4397-950a-9e366a61365a
51931909480:SUCCESS
